<?xml version="1.0" encoding="UTF-8"?>
<testsuite xmlns:xsi="http://www.w3.org/2001/XMLSchema-instance" xsi:noNamespaceSchemaLocation="https://maven.apache.org/surefire/maven-surefire-plugin/xsd/surefire-test-report.xsd" name="cn.benzfungus.forum.dao.TopicDaoTest" time="0.32" tests="5" errors="0" skipped="0" failures="0">
  <properties>
    <property name="sun.desktop" value="windows"/>
    <property name="awt.toolkit" value="sun.awt.windows.WToolkit"/>
    <property name="file.encoding.pkg" value="sun.io"/>
    <property name="java.specification.version" value="1.8"/>
    <property name="sun.cpu.isalist" value="amd64"/>
    <property name="sun.jnu.encoding" value="GBK"/>
    <property name="java.class.path" value="D:\workspace\JavaIDEA\forum\target\test-classes;D:\workspace\JavaIDEA\forum\target\classes;C:\Users\wbx70\.m2\repository\junit\junit\4.12\junit-4.12.jar;C:\Users\wbx70\.m2\repository\org\hamcrest\hamcrest-core\1.3\hamcrest-core-1.3.jar;C:\Users\wbx70\.m2\repository\org\springframework\spring-beans\5.0.6.RELEASE\spring-beans-5.0.6.RELEASE.jar;C:\Users\wbx70\.m2\repository\org\springframework\spring-core\5.0.6.RELEASE\spring-core-5.0.6.RELEASE.jar;C:\Users\wbx70\.m2\repository\org\springframework\spring-jcl\5.0.6.RELEASE\spring-jcl-5.0.6.RELEASE.jar;C:\Users\wbx70\.m2\repository\org\springframework\spring-context\5.0.6.RELEASE\spring-context-5.0.6.RELEASE.jar;C:\Users\wbx70\.m2\repository\org\springframework\spring-aop\5.0.6.RELEASE\spring-aop-5.0.6.RELEASE.jar;C:\Users\wbx70\.m2\repository\org\springframework\spring-expression\5.0.6.RELEASE\spring-expression-5.0.6.RELEASE.jar;C:\Users\wbx70\.m2\repository\org\springframework\spring-jdbc\5.0.6.RELEASE\spring-jdbc-5.0.6.RELEASE.jar;C:\Users\wbx70\.m2\repository\org\springframework\spring-tx\5.0.6.RELEASE\spring-tx-5.0.6.RELEASE.jar;C:\Users\wbx70\.m2\repository\org\springframework\spring-web\5.0.6.RELEASE\spring-web-5.0.6.RELEASE.jar;C:\Users\wbx70\.m2\repository\org\springframework\spring-webmvc\5.0.6.RELEASE\spring-webmvc-5.0.6.RELEASE.jar;C:\Users\wbx70\.m2\repository\org\springframework\spring-test\5.0.6.RELEASE\spring-test-5.0.6.RELEASE.jar;C:\Users\wbx70\.m2\repository\com\alibaba\druid\1.1.10\druid-1.1.10.jar;C:\Users\wbx70\.m2\repository\mysql\mysql-connector-java\5.1.46\mysql-connector-java-5.1.46.jar;C:\Users\wbx70\.m2\repository\org\mybatis\mybatis\3.4.6\mybatis-3.4.6.jar;C:\Users\wbx70\.m2\repository\org\mybatis\mybatis-spring\1.3.2\mybatis-spring-1.3.2.jar;C:\Users\wbx70\.m2\repository\commons-lang\commons-lang\2.6\commons-lang-2.6.jar;C:\Users\wbx70\.m2\repository\javax\servlet\javax.servlet-api\3.1.0\javax.servlet-api-3.1.0.jar;C:\Users\wbx70\.m2\repository\javax\servlet\jsp\jsp-api\2.1\jsp-api-2.1.jar;C:\Users\wbx70\.m2\repository\javax\servlet\jstl\1.2\jstl-1.2.jar;C:\Users\wbx70\.m2\repository\com\github\pagehelper\pagehelper\5.1.4\pagehelper-5.1.4.jar;C:\Users\wbx70\.m2\repository\com\github\jsqlparser\jsqlparser\1.0\jsqlparser-1.0.jar;C:\Users\wbx70\.m2\repository\org\slf4j\slf4j-api\1.7.25\slf4j-api-1.7.25.jar;C:\Users\wbx70\.m2\repository\ch\qos\logback\logback-classic\1.2.3\logback-classic-1.2.3.jar;C:\Users\wbx70\.m2\repository\ch\qos\logback\logback-core\1.2.3\logback-core-1.2.3.jar;"/>
    <property name="java.vm.vendor" value="Oracle Corporation"/>
    <property name="sun.arch.data.model" value="64"/>
    <property name="user.variant" value=""/>
    <property name="java.vendor.url" value="http://java.oracle.com/"/>
    <property name="user.timezone" value=""/>
    <property name="java.vm.specification.version" value="1.8"/>
    <property name="os.name" value="Windows 10"/>
    <property name="user.country" value="CN"/>
    <property name="sun.java.launcher" value="SUN_STANDARD"/>
    <property name="sun.boot.library.path" value="C:\Java\jdk1.8.0_172\jre\bin"/>
    <property name="sun.java.command" value="C:\Users\wbx70\AppData\Local\Temp\surefire1398210094256183029\surefirebooter5490041714763020548.jar C:\Users\wbx70\AppData\Local\Temp\surefire1398210094256183029 2018-08-16T22-53-11_158-jvmRun1 surefire3118247606692591340tmp surefire_08869900189382974908tmp"/>
    <property name="surefire.test.class.path" value="D:\workspace\JavaIDEA\forum\target\test-classes;D:\workspace\JavaIDEA\forum\target\classes;C:\Users\wbx70\.m2\repository\junit\junit\4.12\junit-4.12.jar;C:\Users\wbx70\.m2\repository\org\hamcrest\hamcrest-core\1.3\hamcrest-core-1.3.jar;C:\Users\wbx70\.m2\repository\org\springframework\spring-beans\5.0.6.RELEASE\spring-beans-5.0.6.RELEASE.jar;C:\Users\wbx70\.m2\repository\org\springframework\spring-core\5.0.6.RELEASE\spring-core-5.0.6.RELEASE.jar;C:\Users\wbx70\.m2\repository\org\springframework\spring-jcl\5.0.6.RELEASE\spring-jcl-5.0.6.RELEASE.jar;C:\Users\wbx70\.m2\repository\org\springframework\spring-context\5.0.6.RELEASE\spring-context-5.0.6.RELEASE.jar;C:\Users\wbx70\.m2\repository\org\springframework\spring-aop\5.0.6.RELEASE\spring-aop-5.0.6.RELEASE.jar;C:\Users\wbx70\.m2\repository\org\springframework\spring-expression\5.0.6.RELEASE\spring-expression-5.0.6.RELEASE.jar;C:\Users\wbx70\.m2\repository\org\springframework\spring-jdbc\5.0.6.RELEASE\spring-jdbc-5.0.6.RELEASE.jar;C:\Users\wbx70\.m2\repository\org\springframework\spring-tx\5.0.6.RELEASE\spring-tx-5.0.6.RELEASE.jar;C:\Users\wbx70\.m2\repository\org\springframework\spring-web\5.0.6.RELEASE\spring-web-5.0.6.RELEASE.jar;C:\Users\wbx70\.m2\repository\org\springframework\spring-webmvc\5.0.6.RELEASE\spring-webmvc-5.0.6.RELEASE.jar;C:\Users\wbx70\.m2\repository\org\springframework\spring-test\5.0.6.RELEASE\spring-test-5.0.6.RELEASE.jar;C:\Users\wbx70\.m2\repository\com\alibaba\druid\1.1.10\druid-1.1.10.jar;C:\Users\wbx70\.m2\repository\mysql\mysql-connector-java\5.1.46\mysql-connector-java-5.1.46.jar;C:\Users\wbx70\.m2\repository\org\mybatis\mybatis\3.4.6\mybatis-3.4.6.jar;C:\Users\wbx70\.m2\repository\org\mybatis\mybatis-spring\1.3.2\mybatis-spring-1.3.2.jar;C:\Users\wbx70\.m2\repository\commons-lang\commons-lang\2.6\commons-lang-2.6.jar;C:\Users\wbx70\.m2\repository\javax\servlet\javax.servlet-api\3.1.0\javax.servlet-api-3.1.0.jar;C:\Users\wbx70\.m2\repository\javax\servlet\jsp\jsp-api\2.1\jsp-api-2.1.jar;C:\Users\wbx70\.m2\repository\javax\servlet\jstl\1.2\jstl-1.2.jar;C:\Users\wbx70\.m2\repository\com\github\pagehelper\pagehelper\5.1.4\pagehelper-5.1.4.jar;C:\Users\wbx70\.m2\repository\com\github\jsqlparser\jsqlparser\1.0\jsqlparser-1.0.jar;C:\Users\wbx70\.m2\repository\org\slf4j\slf4j-api\1.7.25\slf4j-api-1.7.25.jar;C:\Users\wbx70\.m2\repository\ch\qos\logback\logback-classic\1.2.3\logback-classic-1.2.3.jar;C:\Users\wbx70\.m2\repository\ch\qos\logback\logback-core\1.2.3\logback-core-1.2.3.jar;"/>
    <property name="sun.cpu.endian" value="little"/>
    <property name="user.home" value="C:\Users\wbx70"/>
    <property name="user.language" value="zh"/>
    <property name="java.specification.vendor" value="Oracle Corporation"/>
    <property name="java.home" value="C:\Java\jdk1.8.0_172\jre"/>
    <property name="basedir" value="D:\workspace\JavaIDEA\forum"/>
    <property name="file.separator" value="\"/>
    <property name="line.separator" value="&#10;"/>
    <property name="java.vm.specification.vendor" value="Oracle Corporation"/>
    <property name="java.specification.name" value="Java Platform API Specification"/>
    <property name="java.awt.graphicsenv" value="sun.awt.Win32GraphicsEnvironment"/>
    <property name="surefire.real.class.path" value="C:\Users\wbx70\AppData\Local\Temp\surefire1398210094256183029\surefirebooter5490041714763020548.jar"/>
    <property name="sun.boot.class.path" value="C:\Java\jdk1.8.0_172\jre\lib\resources.jar;C:\Java\jdk1.8.0_172\jre\lib\rt.jar;C:\Java\jdk1.8.0_172\jre\lib\sunrsasign.jar;C:\Java\jdk1.8.0_172\jre\lib\jsse.jar;C:\Java\jdk1.8.0_172\jre\lib\jce.jar;C:\Java\jdk1.8.0_172\jre\lib\charsets.jar;C:\Java\jdk1.8.0_172\jre\lib\jfr.jar;C:\Java\jdk1.8.0_172\jre\classes"/>
    <property name="user.script" value=""/>
    <property name="sun.management.compiler" value="HotSpot 64-Bit Tiered Compilers"/>
    <property name="java.runtime.version" value="1.8.0_172-b11"/>
    <property name="user.name" value="benzfungus"/>
    <property name="path.separator" value=";"/>
    <property name="os.version" value="10.0"/>
    <property name="java.endorsed.dirs" value="C:\Java\jdk1.8.0_172\jre\lib\endorsed"/>
    <property name="java.runtime.name" value="Java(TM) SE Runtime Environment"/>
    <property name="file.encoding" value="GBK"/>
    <property name="java.vm.name" value="Java HotSpot(TM) 64-Bit Server VM"/>
    <property name="localRepository" value="C:\Users\wbx70\.m2\repository"/>
    <property name="java.vendor.url.bug" value="http://bugreport.sun.com/bugreport/"/>
    <property name="java.io.tmpdir" value="C:\Users\wbx70\AppData\Local\Temp\"/>
    <property name="java.version" value="1.8.0_172"/>
    <property name="user.dir" value="D:\workspace\JavaIDEA\forum"/>
    <property name="os.arch" value="amd64"/>
    <property name="java.vm.specification.name" value="Java Virtual Machine Specification"/>
    <property name="java.awt.printerjob" value="sun.awt.windows.WPrinterJob"/>
    <property name="sun.os.patch.level" value=""/>
    <property name="java.library.path" value="C:\Java\jdk1.8.0_172\jre\bin;C:\WINDOWS\Sun\Java\bin;C:\WINDOWS\system32;C:\WINDOWS;C:\Java\jdk1.8.0_172\bin;C:\Windows\system32;C:\Windows;C:\Windows\System32\Wbem;C:\Windows\System32\WindowsPowerShell\v1.0\;C:\Program Files (x86)\NVIDIA Corporation\PhysX\Common;C:\ProgramData\Anaconda3;C:\Program Files\MySQL\MySQL Utilities 1.6\;C:\Program Files\MySQL\MySQL Server 5.7\bin;C:\WINDOWS\system32;C:\WINDOWS;C:\WINDOWS\System32\Wbem;C:\WINDOWS\System32\WindowsPowerShell\v1.0\;C:\WINDOWS\System32\OpenSSH\;C:\Program Files\Intel\WiFi\bin\;C:\Program Files\Common Files\Intel\WirelessCommon\;C:\Program Files (x86)\Microsoft SQL Server\100\Tools\Binn\;C:\Program Files\Microsoft SQL Server\100\Tools\Binn\;C:\Program Files\Microsoft SQL Server\100\DTS\Binn\;C:\Program Files (x86)\Microsoft SQL Server\100\Tools\Binn\VSShell\Common7\IDE\;C:\Program Files (x86)\Microsoft Visual Studio 9.0\Common7\IDE\PrivateAssemblies\;C:\Program Files (x86)\Microsoft SQL Server\100\DTS\Binn\;D:\workspace\develop_tools\maven\apache-maven-3.5.4\bin;C:\Program Files\Microsoft VS Code\bin;C:\Program Files\Git\cmd;C:\Program Files\VisualSVN Server\bin;C:\Users\wbx70\AppData\Local\Microsoft\WindowsApps;C:\Program Files\Microsoft VS Code\bin;C:\Program Files\Intel\WiFi\bin\;C:\Program Files\Common Files\Intel\WirelessCommon\;."/>
    <property name="java.vm.info" value="mixed mode"/>
    <property name="java.vendor" value="Oracle Corporation"/>
    <property name="java.vm.version" value="25.172-b11"/>
    <property name="java.ext.dirs" value="C:\Java\jdk1.8.0_172\jre\lib\ext;C:\WINDOWS\Sun\Java\lib\ext"/>
    <property name="sun.io.unicode.encoding" value="UnicodeLittle"/>
    <property name="java.class.version" value="52.0"/>
  </properties>
  <testcase name="testGetById" classname="cn.benzfungus.forum.dao.TopicDaoTest" time="0.016"/>
  <testcase name="testDelete" classname="cn.benzfungus.forum.dao.TopicDaoTest" time="0.024"/>
  <testcase name="testGetAll" classname="cn.benzfungus.forum.dao.TopicDaoTest" time="0.208"/>
  <testcase name="testInsert" classname="cn.benzfungus.forum.dao.TopicDaoTest" time="0.024"/>
  <testcase name="testUpdate" classname="cn.benzfungus.forum.dao.TopicDaoTest" time="0.016"/>
</testsuite>